#
# There is insufficient memory for the Java Runtime Environment to continue.
# Native memory allocation (malloc) failed to allocate 2260176 bytes for Chunk::new
# Possible reasons:
#   The system is out of physical RAM or swap space
#   The process is running with CompressedOops enabled, and the Java Heap may be blocking the growth of the native heap
# Possible solutions:
#   Reduce memory load on the system
#   Increase physical memory or swap space
#   Check if swap backing store is full
#   Decrease Java heap size (-Xmx/-Xms)
#   Decrease number of Java threads
#   Decrease Java thread stack sizes (-Xss)
#   Set larger code cache with -XX:ReservedCodeCacheSize=
#   JVM is running with Unscaled Compressed Oops mode in which the Java heap is
#     placed in the first 4GB address space. The Java Heap base address is the
#     maximum limit for the native heap growth. Please use -XX:HeapBaseMinAddress
#     to set the Java Heap base and to place the Java Heap above 4GB virtual address.
# This output file may be truncated or incomplete.
#
#  Out of Memory Error (allocation.cpp:389), pid=232, tid=0x0000000000002108
#
# JRE version: OpenJDK Runtime Environment (8.0) (build 1.8.0-25-microsoft-b00)
# Java VM: OpenJDK 64-Bit Server VM (25.71-b00 mixed mode windows-amd64 compressed oops)
# Failed to write core dump. Minidumps are not enabled by default on client versions of Windows
#

---------------  T H R E A D  ---------------

Current thread (0x0000000015628000):  JavaThread "C2 CompilerThread0" daemon [_thread_in_native, id=8456, stack(0x0000000016c90000,0x0000000016d90000)]

Stack: [0x0000000016c90000,0x0000000016d90000]
[error occurred during error reporting (printing stack bounds), id 0xc0000005]

Native frames: (J=compiled Java code, j=interpreted, Vv=VM code, C=native code)


Current CompileTask:
C2:  21724 4735       4       com.android.tools.r8.u.c.M::a (3068 bytes)


---------------  P R O C E S S  ---------------

Java Threads: ( => current thread )
  0x0000000017834000 JavaThread "ForkJoinPool-1-worker-0" daemon [_thread_in_Java, id=13652, stack(0x0000000017e90000,0x0000000017f90000)]
  0x000000001782d800 JavaThread "ForkJoinPool-1-worker-1" daemon [_thread_in_vm, id=14264, stack(0x0000000017d90000,0x0000000017e90000)]
  0x000000001567d800 JavaThread "Service Thread" daemon [_thread_blocked, id=13348, stack(0x0000000017390000,0x0000000017490000)]
  0x0000000015634000 JavaThread "C1 CompilerThread2" daemon [_thread_blocked, id=1432, stack(0x0000000016e90000,0x0000000016f90000)]
  0x000000001562e800 JavaThread "C2 CompilerThread1" daemon [_thread_in_native, id=2204, stack(0x0000000016d90000,0x0000000016e90000)]
=>0x0000000015628000 JavaThread "C2 CompilerThread0" daemon [_thread_in_native, id=8456, stack(0x0000000016c90000,0x0000000016d90000)]
  0x0000000015626800 JavaThread "Attach Listener" daemon [_thread_blocked, id=9084, stack(0x0000000016b90000,0x0000000016c90000)]
  0x0000000015625800 JavaThread "Signal Dispatcher" daemon [_thread_blocked, id=1940, stack(0x0000000016a90000,0x0000000016b90000)]
  0x0000000001afd000 JavaThread "Finalizer" daemon [_thread_blocked, id=13504, stack(0x0000000016880000,0x0000000016980000)]
  0x0000000015609000 JavaThread "Reference Handler" daemon [_thread_blocked, id=13572, stack(0x0000000016780000,0x0000000016880000)]
  0x0000000001a02800 JavaThread "main" [_thread_blocked, id=4708, stack(0x0000000001900000,0x0000000001a00000)]

Other Threads:
  0x00000000155e6000 VMThread [stack: 0x0000000016680000,0x0000000016780000] [id=6200]
  0x000000001567e800 WatcherThread [stack: 0x0000000017490000,0x0000000017590000] [id=7148]

VM state:not at safepoint (normal execution)

VM Mutex/Monitor currently owned by a thread: None

heap address: 0x00000000c0000000, size: 1024 MB, Compressed Oops mode: 32-bit
Narrow klass base: 0x0000000000000000, Narrow klass shift: 3
Compressed class space size: 1073741824 Address: 0x0000000100000000

Heap:
 PSYoungGen      total 242688K, used 90668K [0x00000000eab00000, 0x00000000fd380000, 0x0000000100000000)
  eden space 218624K, 32% used [0x00000000eab00000,0x00000000ef1667c8,0x00000000f8080000)
  from space 24064K, 77% used [0x00000000f9980000,0x00000000faba4a78,0x00000000fb100000)
  to   space 25600K, 0% used [0x00000000f8080000,0x00000000f8080000,0x00000000f9980000)
 ParOldGen       total 72704K, used 47929K [0x00000000c0000000, 0x00000000c4700000, 0x00000000eab00000)
  object space 72704K, 65% used [0x00000000c0000000,0x00000000c2ece698,0x00000000c4700000)
 Metaspace       used 15855K, capacity 16628K, committed 16768K, reserved 1064960K
  class space    used 1863K, capacity 2090K, committed 2176K, reserved 1048576K

Card table byte_map: [0x0000000012410000,0x0000000012620000] byte_map_base: 0x0000000011e10000

Marking Bits: (ParMarkBitMap*) 0x0000000051d08f30
 Begin Bits: [0x0000000012a80000, 0x0000000013a80000)
 End Bits:   [0x0000000013a80000, 0x0000000014a80000)

Polling page: 0x0000000001370000

CodeCache: size=245760Kb used=16702Kb max_used=16702Kb free=229057Kb
 bounds [0x0000000003410000, 0x00000000044e0000, 0x0000000012410000]
 total_blobs=4387 nmethods=4035 adapters=263
 compilation: enabled

Compilation events (10 events):
Event: 21.456 Thread 0x0000000015634000 4787       1       com.android.tools.r8.u.c.G::d (5 bytes)
Event: 21.456 Thread 0x0000000015634000 nmethod 4787 0x0000000003ba9ed0 code [0x0000000003baa020, 0x0000000003baa130]
Event: 21.529 Thread 0x0000000015634000 4789       2       com.android.tools.r8.code.L0::<init> (44 bytes)
Event: 21.529 Thread 0x0000000015634000 nmethod 4789 0x0000000003bc1010 code [0x0000000003bc1160, 0x0000000003bc12b0]
Event: 21.563 Thread 0x0000000015634000 4790 %     3       java.util.stream.AbstractPipeline::copyIntoWithCancel @ 2 (42 bytes)
Event: 21.564 Thread 0x0000000015634000 nmethod 4790% 0x0000000003b41b10 code [0x0000000003b41cc0, 0x0000000003b42238]
Event: 21.626 Thread 0x0000000015634000 4792       3       java.util.IdentityHashMap$KeySet::toArray (142 bytes)
Event: 21.627 Thread 0x0000000015634000 nmethod 4792 0x0000000003a9f150 code [0x0000000003a9f360, 0x0000000003a9ff58]
Event: 21.638 Thread 0x0000000015634000 4793       2       com.android.tools.r8.u.b.M0::e0 (57 bytes)
Event: 21.638 Thread 0x0000000015634000 nmethod 4793 0x0000000003ae1f90 code [0x0000000003ae2120, 0x0000000003ae2488]

GC Heap History (10 events):
Event: 16.691 GC heap before
{Heap before GC invocations=17 (full 1):
 PSYoungGen      total 184832K, used 181808K [0x00000000eab00000, 0x00000000fb100000, 0x0000000100000000)
  eden space 162304K, 100% used [0x00000000eab00000,0x00000000f4980000,0x00000000f4980000)
  from space 22528K, 86% used [0x00000000f4980000,0x00000000f5c8c160,0x00000000f5f80000)
  to   space 24064K, 0% used [0x00000000f9980000,0x00000000f9980000,0x00000000fb100000)
 ParOldGen       total 72704K, used 35011K [0x00000000c0000000, 0x00000000c4700000, 0x00000000eab00000)
  object space 72704K, 48% used [0x00000000c0000000,0x00000000c2230f98,0x00000000c4700000)
 Metaspace       used 15748K, capacity 16550K, committed 16768K, reserved 1064960K
  class space    used 1860K, capacity 2089K, committed 2176K, reserved 1048576K
Event: 16.776 GC heap after
Heap after GC invocations=17 (full 1):
 PSYoungGen      total 241152K, used 21248K [0x00000000eab00000, 0x00000000fb200000, 0x0000000100000000)
  eden space 217088K, 0% used [0x00000000eab00000,0x00000000eab00000,0x00000000f7f00000)
  from space 24064K, 88% used [0x00000000f9980000,0x00000000fae40170,0x00000000fb100000)
  to   space 26112K, 0% used [0x00000000f7f00000,0x00000000f7f00000,0x00000000f9880000)
 ParOldGen       total 72704K, used 35011K [0x00000000c0000000, 0x00000000c4700000, 0x00000000eab00000)
  object space 72704K, 48% used [0x00000000c0000000,0x00000000c2230f98,0x00000000c4700000)
 Metaspace       used 15748K, capacity 16550K, committed 16768K, reserved 1064960K
  class space    used 1860K, capacity 2089K, committed 2176K, reserved 1048576K
}
Event: 17.811 GC heap before
{Heap before GC invocations=18 (full 1):
 PSYoungGen      total 241152K, used 238336K [0x00000000eab00000, 0x00000000fb200000, 0x0000000100000000)
  eden space 217088K, 100% used [0x00000000eab00000,0x00000000f7f00000,0x00000000f7f00000)
  from space 24064K, 88% used [0x00000000f9980000,0x00000000fae40170,0x00000000fb100000)
  to   space 26112K, 0% used [0x00000000f7f00000,0x00000000f7f00000,0x00000000f9880000)
 ParOldGen       total 72704K, used 35011K [0x00000000c0000000, 0x00000000c4700000, 0x00000000eab00000)
  object space 72704K, 48% used [0x00000000c0000000,0x00000000c2230f98,0x00000000c4700000)
 Metaspace       used 15778K, capacity 16550K, committed 16768K, reserved 1064960K
  class space    used 1860K, capacity 2089K, committed 2176K, reserved 1048576K
Event: 17.884 GC heap after
Heap after GC invocations=18 (full 1):
 PSYoungGen      total 243200K, used 16644K [0x00000000eab00000, 0x00000000fb200000, 0x0000000100000000)
  eden space 217088K, 0% used [0x00000000eab00000,0x00000000eab00000,0x00000000f7f00000)
  from space 26112K, 63% used [0x00000000f7f00000,0x00000000f8f41110,0x00000000f9880000)
  to   space 24064K, 0% used [0x00000000f9980000,0x00000000f9980000,0x00000000fb100000)
 ParOldGen       total 72704K, used 42433K [0x00000000c0000000, 0x00000000c4700000, 0x00000000eab00000)
  object space 72704K, 58% used [0x00000000c0000000,0x00000000c2970678,0x00000000c4700000)
 Metaspace       used 15778K, capacity 16550K, committed 16768K, reserved 1064960K
  class space    used 1860K, capacity 2089K, committed 2176K, reserved 1048576K
}
Event: 19.172 GC heap before
{Heap before GC invocations=19 (full 1):
 PSYoungGen      total 243200K, used 233732K [0x00000000eab00000, 0x00000000fb200000, 0x0000000100000000)
  eden space 217088K, 100% used [0x00000000eab00000,0x00000000f7f00000,0x00000000f7f00000)
  from space 26112K, 63% used [0x00000000f7f00000,0x00000000f8f41110,0x00000000f9880000)
  to   space 24064K, 0% used [0x00000000f9980000,0x00000000f9980000,0x00000000fb100000)
 ParOldGen       total 72704K, used 42433K [0x00000000c0000000, 0x00000000c4700000, 0x00000000eab00000)
  object space 72704K, 58% used [0x00000000c0000000,0x00000000c2970678,0x00000000c4700000)
 Metaspace       used 15828K, capacity 16624K, committed 16768K, reserved 1064960K
  class space    used 1863K, capacity 2090K, committed 2176K, reserved 1048576K
Event: 19.220 GC heap after
Heap after GC invocations=19 (full 1):
 PSYoungGen      total 241152K, used 15568K [0x00000000eab00000, 0x00000000fb200000, 0x0000000100000000)
  eden space 217088K, 0% used [0x00000000eab00000,0x00000000eab00000,0x00000000f7f00000)
  from space 24064K, 64% used [0x00000000f9980000,0x00000000fa8b4030,0x00000000fb100000)
  to   space 26112K, 0% used [0x00000000f7f00000,0x00000000f7f00000,0x00000000f9880000)
 ParOldGen       total 72704K, used 45857K [0x00000000c0000000, 0x00000000c4700000, 0x00000000eab00000)
  object space 72704K, 63% used [0x00000000c0000000,0x00000000c2cc8688,0x00000000c4700000)
 Metaspace       used 15828K, capacity 16624K, committed 16768K, reserved 1064960K
  class space    used 1863K, capacity 2090K, committed 2176K, reserved 1048576K
}
Event: 20.193 GC heap before
{Heap before GC invocations=20 (full 1):
 PSYoungGen      total 241152K, used 232656K [0x00000000eab00000, 0x00000000fb200000, 0x0000000100000000)
  eden space 217088K, 100% used [0x00000000eab00000,0x00000000f7f00000,0x00000000f7f00000)
  from space 24064K, 64% used [0x00000000f9980000,0x00000000fa8b4030,0x00000000fb100000)
  to   space 26112K, 0% used [0x00000000f7f00000,0x00000000f7f00000,0x00000000f9880000)
 ParOldGen       total 72704K, used 45857K [0x00000000c0000000, 0x00000000c4700000, 0x00000000eab00000)
  object space 72704K, 63% used [0x00000000c0000000,0x00000000c2cc8688,0x00000000c4700000)
 Metaspace       used 15847K, capacity 16628K, committed 16768K, reserved 1064960K
  class space    used 1863K, capacity 2090K, committed 2176K, reserved 1048576K
Event: 20.228 GC heap after
Heap after GC invocations=20 (full 1):
 PSYoungGen      total 243200K, used 15920K [0x00000000eab00000, 0x00000000fb200000, 0x0000000100000000)
  eden space 217088K, 0% used [0x00000000eab00000,0x00000000eab00000,0x00000000f7f00000)
  from space 26112K, 60% used [0x00000000f7f00000,0x00000000f8e8c020,0x00000000f9880000)
  to   space 24064K, 0% used [0x00000000f9980000,0x00000000f9980000,0x00000000fb100000)
 ParOldGen       total 72704K, used 47921K [0x00000000c0000000, 0x00000000c4700000, 0x00000000eab00000)
  object space 72704K, 65% used [0x00000000c0000000,0x00000000c2ecc698,0x00000000c4700000)
 Metaspace       used 15847K, capacity 16628K, committed 16768K, reserved 1064960K
  class space    used 1863K, capacity 2090K, committed 2176K, reserved 1048576K
}
Event: 21.301 GC heap before
{Heap before GC invocations=21 (full 1):
 PSYoungGen      total 243200K, used 233008K [0x00000000eab00000, 0x00000000fb200000, 0x0000000100000000)
  eden space 217088K, 100% used [0x00000000eab00000,0x00000000f7f00000,0x00000000f7f00000)
  from space 26112K, 60% used [0x00000000f7f00000,0x00000000f8e8c020,0x00000000f9880000)
  to   space 24064K, 0% used [0x00000000f9980000,0x00000000f9980000,0x00000000fb100000)
 ParOldGen       total 72704K, used 47921K [0x00000000c0000000, 0x00000000c4700000, 0x00000000eab00000)
  object space 72704K, 65% used [0x00000000c0000000,0x00000000c2ecc698,0x00000000c4700000)
 Metaspace       used 15854K, capacity 16628K, committed 16768K, reserved 1064960K
  class space    used 1863K, capacity 2090K, committed 2176K, reserved 1048576K
Event: 21.341 GC heap after
Heap after GC invocations=21 (full 1):
 PSYoungGen      total 242688K, used 18578K [0x00000000eab00000, 0x00000000fd380000, 0x0000000100000000)
  eden space 218624K, 0% used [0x00000000eab00000,0x00000000eab00000,0x00000000f8080000)
  from space 24064K, 77% used [0x00000000f9980000,0x00000000faba4a78,0x00000000fb100000)
  to   space 25600K, 0% used [0x00000000f8080000,0x00000000f8080000,0x00000000f9980000)
 ParOldGen       total 72704K, used 47929K [0x00000000c0000000, 0x00000000c4700000, 0x00000000eab00000)
  object space 72704K, 65% used [0x00000000c0000000,0x00000000c2ece698,0x00000000c4700000)
 Metaspace       used 15854K, capacity 16628K, committed 16768K, reserved 1064960K
  class space    used 1863K, capacity 2090K, committed 2176K, reserved 1048576K
}

Deoptimization events (10 events):
Event: 18.601 Thread 0x000000001782d800 Uncommon trap: reason=bimorphic action=maybe_recompile pc=0x00000000040d9658 method=com.android.tools.r8.u.b.j1.a(Lcom/android/tools/r8/ir/analysis/type/k;)Lcom/android/tools/r8/u/b/j1; @ 29
Event: 18.601 Thread 0x000000001782d800 Uncommon trap: reason=bimorphic action=maybe_recompile pc=0x00000000040d9658 method=com.android.tools.r8.u.b.j1.a(Lcom/android/tools/r8/ir/analysis/type/k;)Lcom/android/tools/r8/u/b/j1; @ 29
Event: 18.629 Thread 0x000000001782d800 Uncommon trap: reason=bimorphic action=maybe_recompile pc=0x0000000003c64e28 method=com.android.tools.r8.u.b.i1.a(Lcom/android/tools/r8/ir/analysis/type/k;)Lcom/android/tools/r8/u/b/i1; @ 23
Event: 18.702 Thread 0x0000000017834000 Uncommon trap: reason=unstable_if action=reinterpret pc=0x00000000043a0f84 method=com.android.tools.r8.u.c.o.a(Lcom/android/tools/r8/u/c/M;IIZ)V @ 245
Event: 18.915 Thread 0x000000001782d800 Uncommon trap: reason=unstable_if action=reinterpret pc=0x000000000398013c method=java.util.Arrays.equals([Ljava/lang/Object;[Ljava/lang/Object;)Z @ 65
Event: 18.915 Thread 0x000000001782d800 Uncommon trap: reason=unstable_if action=reinterpret pc=0x000000000395de90 method=java.util.Arrays.equals([Ljava/lang/Object;[Ljava/lang/Object;)Z @ 65
Event: 20.725 Thread 0x000000001782d800 Uncommon trap: reason=unstable_if action=reinterpret pc=0x0000000004326d68 method=com.android.tools.r8.v.a.a.a.f.x0$e.contains(Ljava/lang/Object;)Z @ 176
Event: 21.205 Thread 0x0000000017834000 Uncommon trap: reason=unstable_if action=reinterpret pc=0x000000000441b6a0 method=com.android.tools.r8.ir.regalloc.LinearScanRegisterAllocator.a(Lcom/android/tools/r8/ir/regalloc/LinearScanRegisterAllocator$a;Z)Lcom/android/tools/r8/ir/regalloc/LinearScan
Event: 21.213 Thread 0x0000000017834000 Uncommon trap: reason=unstable_if action=reinterpret pc=0x0000000004261438 method=com.android.tools.r8.ir.regalloc.LinearScanRegisterAllocator.b(Lcom/android/tools/r8/ir/regalloc/a;)Z @ 39
Event: 21.232 Thread 0x0000000017834000 Uncommon trap: reason=unstable_if action=reinterpret pc=0x0000000003a20278 method=java.util.TreeMap.put(Ljava/lang/Object;Ljava/lang/Object;)Ljava/lang/Object; @ 77

Classes redefined (0 events):
No events

Internal exceptions (10 events):
Event: 1.074 Thread 0x0000000001a02800 Exception <a 'java/security/PrivilegedActionException'> (0x00000000eb535de0) thrown at [D:\j\worksp~1\openjd~3\jdk8u\hotspot\src\share\vm\prims\jvm.cpp, line 1508]
Event: 1.075 Thread 0x0000000001a02800 Exception <a 'java/security/PrivilegedActionException'> (0x00000000eb53a090) thrown at [D:\j\worksp~1\openjd~3\jdk8u\hotspot\src\share\vm\prims\jvm.cpp, line 1508]
Event: 1.075 Thread 0x0000000001a02800 Exception <a 'java/security/PrivilegedActionException'> (0x00000000eb53a2a0) thrown at [D:\j\worksp~1\openjd~3\jdk8u\hotspot\src\share\vm\prims\jvm.cpp, line 1508]
Event: 1.075 Thread 0x0000000001a02800 Exception <a 'java/security/PrivilegedActionException'> (0x00000000eb53b9e0) thrown at [D:\j\worksp~1\openjd~3\jdk8u\hotspot\src\share\vm\prims\jvm.cpp, line 1508]
Event: 1.075 Thread 0x0000000001a02800 Exception <a 'java/security/PrivilegedActionException'> (0x00000000eb53bbf0) thrown at [D:\j\worksp~1\openjd~3\jdk8u\hotspot\src\share\vm\prims\jvm.cpp, line 1508]
Event: 1.109 Thread 0x0000000001a02800 Implicit null exception at 0x00000000036749a5 to 0x0000000003675011
Event: 1.125 Thread 0x0000000001a02800 Implicit null exception at 0x0000000003672d78 to 0x000000000367323d
Event: 4.290 Thread 0x000000001782d800 Exception <a 'java/lang/NoSuchMethodError': java.lang.Object.lambda$comparingInt$7b0bb60$1(Ljava/util/function/ToIntFunction;Ljava/lang/Object;Ljava/lang/Object;)I> (0x00000000ede06b88) thrown at [D:\j\worksp~1\openjd~3\jdk8u\hotspot\src\share\vm\interpre
Event: 4.293 Thread 0x000000001782d800 Exception <a 'java/lang/NoSuchMethodError': java.lang.Object.lambda$maxBy$1(Ljava/util/Comparator;Ljava/lang/Object;Ljava/lang/Object;)Ljava/lang/Object;> (0x00000000ede12698) thrown at [D:\j\worksp~1\openjd~3\jdk8u\hotspot\src\share\vm\interpreter\linkRe
Event: 4.388 Thread 0x0000000017834000 Implicit null exception at 0x00000000038677af to 0x00000000038679f5

Events (10 events):
Event: 21.624 Thread 0x0000000017834000 DEOPT PACKING pc=0x000000000423156a sp=0x0000000017f8e030
Event: 21.624 Thread 0x0000000017834000 DEOPT UNPACKING pc=0x00000000034575d0 sp=0x0000000017f8e168 mode 0
Event: 21.626 Thread 0x0000000017834000 DEOPT PACKING pc=0x000000000412ff5b sp=0x0000000017f8e2e0
Event: 21.626 Thread 0x0000000017834000 DEOPT UNPACKING pc=0x00000000034575d0 sp=0x0000000017f8e010 mode 0
Event: 21.653 Thread 0x0000000017834000 DEOPT PACKING pc=0x000000000423167f sp=0x0000000017f8e030
Event: 21.653 Thread 0x0000000017834000 DEOPT UNPACKING pc=0x00000000034575d0 sp=0x0000000017f8e170 mode 0
Event: 21.682 Thread 0x0000000017834000 DEOPT PACKING pc=0x0000000004230ebd sp=0x0000000017f8e030
Event: 21.682 Thread 0x0000000017834000 DEOPT UNPACKING pc=0x00000000034575d0 sp=0x0000000017f8e160 mode 0
Event: 21.710 Thread 0x000000001782d800 DEOPT PACKING pc=0x0000000004231086 sp=0x0000000017e8e2d0
Event: 21.710 Thread 0x000000001782d800 DEOPT UNPACKING pc=0x00000000034575d0 sp=0x0000000017e8e410 mode 0


Dynamic libraries:
0x00007ff6f67a0000 - 0x00007ff6f67d5000 	C:\Program Files\Android\Jdk\microsoft_dist_openjdk_1.8.0.25\bin\java.exe
0x00007ff9342c0000 - 0x00007ff9344b0000 	C:\WINDOWS\SYSTEM32\ntdll.dll
0x00007ff932ea0000 - 0x00007ff932f52000 	C:\WINDOWS\System32\KERNEL32.DLL
0x00007ff931c70000 - 0x00007ff931f14000 	C:\WINDOWS\System32\KERNELBASE.dll
0x00007ff933c60000 - 0x00007ff933d03000 	C:\WINDOWS\System32\ADVAPI32.dll
0x00007ff9337b0000 - 0x00007ff93384e000 	C:\WINDOWS\System32\msvcrt.dll
0x00007ff933af0000 - 0x00007ff933b87000 	C:\WINDOWS\System32\sechost.dll
0x00007ff9330c0000 - 0x00007ff9331e0000 	C:\WINDOWS\System32\RPCRT4.dll
0x00007ff933e50000 - 0x00007ff933fe4000 	C:\WINDOWS\System32\USER32.dll
0x00007ff9320a0000 - 0x00007ff9320c1000 	C:\WINDOWS\System32\win32u.dll
0x00007ff932b30000 - 0x00007ff932b56000 	C:\WINDOWS\System32\GDI32.dll
0x00007ff9320d0000 - 0x00007ff932265000 	C:\WINDOWS\System32\gdi32full.dll
0x00007ff931250000 - 0x00007ff9312ee000 	C:\WINDOWS\System32\msvcp_win.dll
0x00007ff931fa0000 - 0x00007ff93209a000 	C:\WINDOWS\System32\ucrtbase.dll
0x00007ff9206f0000 - 0x00007ff920974000 	C:\WINDOWS\WinSxS\amd64_microsoft.windows.common-controls_6595b64144ccf1df_6.0.18362.900_none_e6beb9d913147d17\COMCTL32.dll
0x00007ff932b60000 - 0x00007ff932e95000 	C:\WINDOWS\System32\combase.dll
0x00007ff931f20000 - 0x00007ff931fa0000 	C:\WINDOWS\System32\bcryptPrimitives.dll
0x00007ff932f70000 - 0x00007ff932f9e000 	C:\WINDOWS\System32\IMM32.DLL
0x0000000051d90000 - 0x0000000051e61000 	C:\Program Files\Android\Jdk\microsoft_dist_openjdk_1.8.0.25\jre\bin\msvcr100.dll
0x0000000051540000 - 0x0000000051d85000 	C:\Program Files\Android\Jdk\microsoft_dist_openjdk_1.8.0.25\jre\bin\server\jvm.dll
0x00007ff933ae0000 - 0x00007ff933ae8000 	C:\WINDOWS\System32\PSAPI.DLL
0x00007ff92bf20000 - 0x00007ff92bf44000 	C:\WINDOWS\SYSTEM32\WINMM.dll
0x00007ff921a70000 - 0x00007ff921a7a000 	C:\WINDOWS\SYSTEM32\VERSION.dll
0x00007ff92c740000 - 0x00007ff92c749000 	C:\WINDOWS\SYSTEM32\WSOCK32.dll
0x00007ff933050000 - 0x00007ff9330bf000 	C:\WINDOWS\System32\WS2_32.dll
0x00007ff92bef0000 - 0x00007ff92bf1d000 	C:\WINDOWS\SYSTEM32\winmmbase.dll
0x00007ff932320000 - 0x00007ff93236a000 	C:\WINDOWS\System32\cfgmgr32.dll
0x00007ff92bf50000 - 0x00007ff92bf5f000 	C:\Program Files\Android\Jdk\microsoft_dist_openjdk_1.8.0.25\jre\bin\verify.dll
0x00007ff923930000 - 0x00007ff923959000 	C:\Program Files\Android\Jdk\microsoft_dist_openjdk_1.8.0.25\jre\bin\java.dll
0x00007ff928b90000 - 0x00007ff928ba6000 	C:\Program Files\Android\Jdk\microsoft_dist_openjdk_1.8.0.25\jre\bin\zip.dll
0x00007ff932440000 - 0x00007ff932b26000 	C:\WINDOWS\System32\SHELL32.dll
0x00007ff933ff0000 - 0x00007ff934099000 	C:\WINDOWS\System32\shcore.dll
0x00007ff9314f0000 - 0x00007ff931c70000 	C:\WINDOWS\System32\windows.storage.dll
0x00007ff931200000 - 0x00007ff931223000 	C:\WINDOWS\System32\profapi.dll
0x00007ff9311b0000 - 0x00007ff9311fa000 	C:\WINDOWS\System32\powrprof.dll
0x00007ff931180000 - 0x00007ff931190000 	C:\WINDOWS\System32\UMPDC.dll
0x00007ff933a20000 - 0x00007ff933a72000 	C:\WINDOWS\System32\shlwapi.dll
0x00007ff931190000 - 0x00007ff9311a1000 	C:\WINDOWS\System32\kernel.appcore.dll
0x00007ff932270000 - 0x00007ff932287000 	C:\WINDOWS\System32\cryptsp.dll
0x00007ff925210000 - 0x00007ff92522a000 	C:\Program Files\Android\jdk\microsoft_dist_openjdk_1.8.0.25\jre\bin\net.dll
0x00007ff9309f0000 - 0x00007ff930a57000 	C:\WINDOWS\system32\mswsock.dll
0x00007ff924fa0000 - 0x00007ff924fb1000 	C:\Program Files\Android\jdk\microsoft_dist_openjdk_1.8.0.25\jre\bin\nio.dll

VM Arguments:
jvm_args: -Xmx1G 
java_command: com.android.tools.r8.D8 --debug --min-api 21 --output obj\Debug\90\android\bin\ --lib C:\Program Files (x86)\Android\android-sdk\platforms\android-28\android.jar obj\Debug\90\android\bin\classes.zip C:\Program Files (x86)\Microsoft Visual Studio\2019\Community\Common7\IDE\ReferenceAssemblies\Microsoft\Framework\MonoAndroid\v9.0\mono.android.jar C:\Program Files (x86)\Microsoft Visual Studio\2019\Community\MSBuild\Xamarin\Android\java_runtime_fastdev.jar obj\Debug\90\lp\1\jl\android.arch.core.common.jar obj\Debug\90\lp\10\jl\bin\classes.jar obj\Debug\90\lp\11\jl\com.android.support.collections.jar obj\Debug\90\lp\12\jl\bin\classes.jar obj\Debug\90\lp\13\jl\bin\classes.jar obj\Debug\90\lp\14\jl\bin\classes.jar obj\Debug\90\lp\15\jl\bin\classes.jar obj\Debug\90\lp\16\jl\bin\classes.jar obj\Debug\90\lp\17\jl\bin\classes.jar obj\Debug\90\lp\18\jl\bin\classes.jar obj\Debug\90\lp\19\jl\bin\classes.jar obj\Debug\90\lp\2\jl\bin\classes.jar obj\Debug\90\lp\20\jl\bin\classes.jar obj\Debug\90\lp\21\jl\bin\classes.jar obj\Debug\90\lp\22\jl\bin\classes.jar obj\Debug\90\lp\23\jl\bin\classes.jar obj\Debug\90\lp\24\jl\bin\classes.jar obj\Debug\90\lp\25\jl\bin\classes.jar obj\Debug\90\lp\26\jl\bin\classes.jar obj\Debug\90\lp\27\jl\bin\classes.jar obj\Debug\90\lp\28\jl\bin\classes.jar obj\Debug\90\lp\29\jl\bin\classes.jar obj\Debug\90\lp\3\jl\android.arch.lifecycle.common.jar obj\Debug\90\lp\30\jl\bin\classes.jar obj\Debug\90\lp\31\jl\bin\classes.jar obj\Debug\90\lp\32\jl\bin\classes.jar obj\Debug\90\lp\33\jl\bin\classes.jar obj\Debug\90\lp\34\jl\bin\classes.jar obj\Debug\90\lp\35\jl\bin\classes.jar obj\Debug\90\lp\4\jl\bin\classes.jar obj\Debug\90\lp\5\jl\bin\classes.jar obj\Debug\90\lp\6\jl\bin\classes.jar obj\Debug\90\lp\7\jl\bin\classes.jar obj\Debug\90\lp\8\jl\bin\classes.jar obj\Debug\90\lp\9\jl\com.android.support.support-annotations.jar
java_class_path (initial): C:\Program Files (x86)\Microsoft Visual Studio\2019\Community\MSBuild\Xamarin\Android\r8.jar
Launcher Type: SUN_STANDARD

Environment Variables:
PATH=C:\Program Files\Android\Jdk\microsoft_dist_openjdk_1.8.0.25\bin;C:\Program Files (x86)\Intel\iCLS Client\;C:\Program Files\Intel\iCLS Client\;C:\WINDOWS\system32;C:\WINDOWS;C:\WINDOWS\System32\Wbem;C:\WINDOWS\System32\WindowsPowerShell\v1.0\;C:\Program Files (x86)\Intel\OpenCL SDK\3.0\bin\x86;C:\Program Files (x86)\Intel\OpenCL SDK\3.0\bin\x64;C:\Program Files\Intel\Intel(R) Management Engine Components\DAL;C:\Program Files\Intel\Intel(R) Management Engine Components\IPT;C:\Program Files (x86)\Intel\Intel(R) Management Engine Components\DAL;C:\Program Files (x86)\Intel\Intel(R) Management Engine Components\IPT;C:\Program Files (x86)\Sony\VAIO BIOS Data Transfer Utility\;C:\Program Files (x86)\Sony\VAIO Startup Setting Tool;C:\WINDOWS\System32\OpenSSH\;C:\Program Files\dotnet\;C:\Program Files\Microsoft SQL Server\130\Tools\Binn\;C:\Program Files\Microsoft SQL Server\Client SDK\ODBC\170\Tools\Binn\;C:\Users\Сергей\AppData\Local\Microsoft\WindowsApps;C:\Users\Сергей\.dotnet\tools
USERNAME=Сергей
OS=Windows_NT
PROCESSOR_IDENTIFIER=Intel64 Family 6 Model 69 Stepping 1, GenuineIntel



---------------  S Y S T E M  ---------------

OS: Windows 10.0 , 64 bit Build 18362 (10.0.18362.900)

CPU:total 4 (initial active 4) (2 cores per cpu, 2 threads per core) family 6 model 69 stepping 1, cmov, cx8, fxsr, mmx, sse, sse2, sse3, ssse3, sse4.1, sse4.2, popcnt, avx, avx2, aes, clmul, erms, lzcnt, ht, tsc, tscinvbit, bmi1, bmi2

Memory: 4k page, physical 4098948k(343784k free), swap 6521340k(7016k free)

vm_info: OpenJDK 64-Bit Server VM (25.71-b00) for windows-amd64 JRE (1.8.0-25-microsoft-b00), built on Feb  7 2019 20:09:14 by "builder" with MS VC++ 10.0 (VS2010)

time: Fri Dec 11 14:23:14 2020
timezone: Беларусь (зима)
elapsed time: 21 seconds (0d 0h 0m 21s)

